<?xml version="1.0" encoding="UTF-8"?>
<!-- Generated by org.testng.reporters.JUnitXMLReporter -->
<testsuite ignored="2" hostname="DESKTOP-TEB81MQ" failures="0" tests="1" name="Test" time="15.589" errors="0" timestamp="2025-12-15T11:40:08 IST">
  <testcase classname="tests.LoginTest" name="loginInvalidCredentials" time="3.866"/>
  <testcase classname="tests.LoginTest" name="loginMultipleCombo" time="0.0">
    <ignored/>
  </testcase> <!-- loginMultipleCombo -->
  <testcase classname="tests.LoginTest" name="loginValidCredentials" time="0.0">
    <ignored/>
  </testcase> <!-- loginValidCredentials -->
</testsuite> <!-- Test -->
