<?xml version="1.0" encoding="UTF-8"?>
<testng-results ignored="2" total="3" passed="1" failed="0" skipped="0">
  <reporter-output>
  </reporter-output>
  <suite started-at="2025-12-15T11:39:51 IST" name="Suite" finished-at="2025-12-15T11:40:06 IST" duration-ms="15589">
    <groups>
      <group name="regression">
        <method signature="LoginTest.loginInvalidCredentials()[pri:0, instance:tests.LoginTest@7a35b0f5]" name="loginInvalidCredentials" class="tests.LoginTest"/>
      </group> <!-- regression -->
    </groups>
    <test started-at="2025-12-15T11:39:51 IST" name="Test" finished-at="2025-12-15T11:40:06 IST" duration-ms="15589">
      <class name="tests.LoginTest">
        <test-method is-config="true" signature="configureDriver()[pri:0, instance:tests.LoginTest@7a35b0f5]" started-at="2025-12-15T11:39:44 IST" name="configureDriver" finished-at="2025-12-15T11:39:51 IST" duration-ms="6975" status="PASS">
          <reporter-output>
          </reporter-output>
        </test-method> <!-- configureDriver -->
        <test-method is-config="true" signature="launchApp()[pri:0, instance:tests.LoginTest@7a35b0f5]" started-at="2025-12-15T11:39:52 IST" name="launchApp" finished-at="2025-12-15T11:40:02 IST" duration-ms="9229" status="PASS">
          <reporter-output>
          </reporter-output>
        </test-method> <!-- launchApp -->
        <test-method is-config="true" signature="beforeMethod()[pri:0, instance:tests.LoginTest@7a35b0f5]" started-at="2025-12-15T11:40:02 IST" name="beforeMethod" finished-at="2025-12-15T11:40:02 IST" duration-ms="226" status="PASS">
          <reporter-output>
          </reporter-output>
        </test-method> <!-- beforeMethod -->
        <test-method signature="loginInvalidCredentials()[pri:0, instance:tests.LoginTest@7a35b0f5]" started-at="2025-12-15T11:40:02 IST" name="loginInvalidCredentials" finished-at="2025-12-15T11:40:06 IST" duration-ms="3866" status="PASS">
          <reporter-output>
          </reporter-output>
        </test-method> <!-- loginInvalidCredentials -->
        <test-method is-config="true" signature="tearDown()[pri:0, instance:tests.LoginTest@7a35b0f5]" started-at="2025-12-15T11:40:06 IST" name="tearDown" finished-at="2025-12-15T11:40:06 IST" duration-ms="717" status="PASS">
          <reporter-output>
          </reporter-output>
        </test-method> <!-- tearDown -->
      </class> <!-- tests.LoginTest -->
    </test> <!-- Test -->
  </suite> <!-- Suite -->
</testng-results>
