<?xml version="1.0" encoding="UTF-8"?>
<!-- Generated by org.testng.reporters.JUnitReportReporter -->
<testsuite hostname="DESKTOP-TEB81MQ" failures="0" tests="3" name="tests.LoginTest" time="14.038" errors="0" timestamp="2025-12-15T11:40:08 IST" skipped="2">
  <testcase classname="tests.LoginTest" name="loginInvalidCredentials" time="14.038"/>
  <testcase classname="tests.LoginTest" name="loginMultipleCombo">
    <skipped/>
  </testcase> <!-- loginMultipleCombo -->
  <testcase classname="tests.LoginTest" name="loginValidCredentials">
    <skipped/>
  </testcase> <!-- loginValidCredentials -->
</testsuite> <!-- tests.LoginTest -->
